<?xml version="1.0" encoding="UTF-8"?>
<testng-results total="3" passed="3" failed="0" skipped="0">
  <reporter-output>
  </reporter-output>
  <suite started-at="2020-02-24T22:36:44Z" name="Surefire suite" finished-at="2020-02-24T22:37:06Z" duration-ms="22380">
    <groups>
      <group name="cucumber">
        <method signature="AbstractTestNGCucumberTests.feature(cucumber.api.testng.CucumberFeatureWrapper)[pri:0, instance:runner.TestRunner@69b2283a]" name="feature" class="cucumber.api.testng.AbstractTestNGCucumberTests"/>
      </group> <!-- cucumber -->
    </groups>
    <test started-at="2020-02-24T22:36:44Z" name="Surefire test" finished-at="2020-02-24T22:37:06Z" duration-ms="22380">
      <class name="runner.TestRunner">
        <test-method is-config="true" signature="setUpClass()[pri:0, instance:runner.TestRunner@69b2283a]" started-at="2020-02-24T22:36:44Z" name="setUpClass" finished-at="2020-02-24T22:36:44Z" duration-ms="144" status="PASS">
          <reporter-output>
          </reporter-output>
        </test-method> <!-- setUpClass -->
        <test-method signature="feature(cucumber.api.testng.CucumberFeatureWrapper)[pri:0, instance:runner.TestRunner@69b2283a]" started-at="2020-02-24T22:36:44Z" name="feature" description="Runs Cucumber Feature" data-provider="features" finished-at="2020-02-24T22:36:49Z" duration-ms="5508" status="PASS">
          <params>
            <param index="0">
              <value>
                <![CDATA[Online Order feature]]>
              </value>
            </param>
          </params>
          <reporter-output>
          </reporter-output>
        </test-method> <!-- feature -->
        <test-method signature="feature(cucumber.api.testng.CucumberFeatureWrapper)[pri:0, instance:runner.TestRunner@69b2283a]" started-at="2020-02-24T22:36:49Z" name="feature" description="Runs Cucumber Feature" data-provider="features" finished-at="2020-02-24T22:37:01Z" duration-ms="11738" status="PASS">
          <params>
            <param index="0">
              <value>
                <![CDATA[Contact Us Feature]]>
              </value>
            </param>
          </params>
          <reporter-output>
          </reporter-output>
        </test-method> <!-- feature -->
        <test-method signature="feature(cucumber.api.testng.CucumberFeatureWrapper)[pri:0, instance:runner.TestRunner@69b2283a]" started-at="2020-02-24T22:37:01Z" name="feature" description="Runs Cucumber Feature" data-provider="features" finished-at="2020-02-24T22:37:06Z" duration-ms="4899" status="PASS">
          <params>
            <param index="0">
              <value>
                <![CDATA[tui web application homepage]]>
              </value>
            </param>
          </params>
          <reporter-output>
          </reporter-output>
        </test-method> <!-- feature -->
        <test-method is-config="true" signature="tearDownClass()[pri:0, instance:runner.TestRunner@69b2283a]" started-at="2020-02-24T22:37:06Z" name="tearDownClass" finished-at="2020-02-24T22:37:06Z" duration-ms="32" status="PASS">
          <reporter-output>
          </reporter-output>
        </test-method> <!-- tearDownClass -->
      </class> <!-- runner.TestRunner -->
    </test> <!-- Surefire test -->
  </suite> <!-- Surefire suite -->
</testng-results>
