<?xml version="1.0" encoding="UTF-8"?>
<testng-results total="2" passed="2" failed="0" skipped="0">
  <reporter-output>
  </reporter-output>
  <suite started-at="2021-09-02T14:14:24Z" name="Surefire suite" finished-at="2021-09-02T14:17:49Z" duration-ms="204973">
    <groups>
      <group name="cucumber">
        <method signature="AbstractTestNGCucumberTests.feature(cucumber.api.testng.CucumberFeatureWrapper)[pri:0, instance:runner.TestRunner@6a1aab78]" name="feature" class="cucumber.api.testng.AbstractTestNGCucumberTests"/>
      </group> <!-- cucumber -->
    </groups>
    <test started-at="2021-09-02T14:14:24Z" name="Surefire test" finished-at="2021-09-02T14:17:49Z" duration-ms="204973">
      <class name="runner.TestRunner">
        <test-method is-config="true" signature="setUpClass()[pri:0, instance:runner.TestRunner@6a1aab78]" started-at="2021-09-02T15:14:24Z" name="setUpClass" finished-at="2021-09-02T15:14:24Z" duration-ms="191" status="PASS">
          <reporter-output>
          </reporter-output>
        </test-method> <!-- setUpClass -->
        <test-method signature="feature(cucumber.api.testng.CucumberFeatureWrapper)[pri:0, instance:runner.TestRunner@6a1aab78]" started-at="2021-09-02T15:14:24Z" name="feature" description="Runs Cucumber Feature" data-provider="features" finished-at="2021-09-02T15:15:21Z" duration-ms="56397" status="PASS">
          <params>
            <param index="0">
              <value>
                <![CDATA[Contact Us Feature]]>
              </value>
            </param>
          </params>
          <reporter-output>
          </reporter-output>
        </test-method> <!-- feature -->
        <test-method signature="feature(cucumber.api.testng.CucumberFeatureWrapper)[pri:0, instance:runner.TestRunner@6a1aab78]" started-at="2021-09-02T15:15:21Z" name="feature" description="Runs Cucumber Feature" data-provider="features" finished-at="2021-09-02T15:17:49Z" duration-ms="148318" status="PASS">
          <params>
            <param index="0">
              <value>
                <![CDATA[Sign In feature]]>
              </value>
            </param>
          </params>
          <reporter-output>
          </reporter-output>
        </test-method> <!-- feature -->
        <test-method is-config="true" signature="tearDownClass()[pri:0, instance:runner.TestRunner@6a1aab78]" started-at="2021-09-02T15:17:49Z" name="tearDownClass" finished-at="2021-09-02T15:17:49Z" duration-ms="7" status="PASS">
          <reporter-output>
          </reporter-output>
        </test-method> <!-- tearDownClass -->
      </class> <!-- runner.TestRunner -->
    </test> <!-- Surefire test -->
  </suite> <!-- Surefire suite -->
</testng-results>
